<?xml version="1.0" encoding="UTF-8"?>
<!-- Generated by org.testng.reporters.JUnitReportReporter -->
<testsuite name="com.TestRunner.TestRunner" tests="2" time="55.466" ignored="0" failures="0" timestamp="11 Aug 2021 11:37:12 GMT" skipped="0" hostname="DESKTOP-50659SL" errors="2">
  <testcase name="runScenario" time="22.221" classname="com.TestRunner.TestRunner">
    <error type="org.openqa.selenium.NoAlertPresentException" message="no such alert
  (Session info: MicrosoftEdge=92.0.902.67)
Build info: version: &#039;3.141.59&#039;, revision: &#039;e82be7d358&#039;, time: &#039;2018-11-14T08:17:03&#039;
System info: host: &#039;DESKTOP-50659SL&#039;, ip: &#039;192.168.1.6&#039;, os.name: &#039;Windows 10&#039;, os.arch: &#039;amd64&#039;, os.version: &#039;10.0&#039;, java.version: &#039;1.8.0_271&#039;
Driver info: org.openqa.selenium.edge.EdgeDriver
Capabilities {acceptInsecureCerts: false, browserName: msedge, browserVersion: 92.0.902.67, javascriptEnabled: true, ms:edgeOptions: {debuggerAddress: localhost:58162}, msedge: {msedgedriverVersion: 92.0.902.62 (e0b431c3580439..., userDataDir: C:\Users\Mallika\AppData\Lo...}, networkConnectionEnabled: false, pageLoadStrategy: normal, platform: WINDOWS, platformName: WINDOWS, proxy: Proxy(), setWindowRect: true, strictFileInteractability: false, timeouts: {implicit: 0, pageLoad: 300000, script: 30000}, unhandledPromptBehavior: dismiss and notify, webauthn:extension:credBlob: true, webauthn:extension:largeBlob: true, webauthn:virtualAuthenticators: true}
Session ID: e4ed64b03500cdae787acd04c997abab">
      <![CDATA[org.openqa.selenium.NoAlertPresentException: no such alert
  (Session info: MicrosoftEdge=92.0.902.67)
Build info: version: '3.141.59', revision: 'e82be7d358', time: '2018-11-14T08:17:03'
System info: host: 'DESKTOP-50659SL', ip: '192.168.1.6', os.name: 'Windows 10', os.arch: 'amd64', os.version: '10.0', java.version: '1.8.0_271'
Driver info: org.openqa.selenium.edge.EdgeDriver
Capabilities {acceptInsecureCerts: false, browserName: msedge, browserVersion: 92.0.902.67, javascriptEnabled: true, ms:edgeOptions: {debuggerAddress: localhost:58162}, msedge: {msedgedriverVersion: 92.0.902.62 (e0b431c3580439..., userDataDir: C:\Users\Mallika\AppData\Lo...}, networkConnectionEnabled: false, pageLoadStrategy: normal, platform: WINDOWS, platformName: WINDOWS, proxy: Proxy(), setWindowRect: true, strictFileInteractability: false, timeouts: {implicit: 0, pageLoad: 300000, script: 30000}, unhandledPromptBehavior: dismiss and notify, webauthn:extension:credBlob: true, webauthn:extension:largeBlob: true, webauthn:virtualAuthenticators: true}
Session ID: e4ed64b03500cdae787acd04c997abab
	at sun.reflect.NativeConstructorAccessorImpl.newInstance0(Native Method)
	at sun.reflect.NativeConstructorAccessorImpl.newInstance(Unknown Source)
	at sun.reflect.DelegatingConstructorAccessorImpl.newInstance(Unknown Source)
	at java.lang.reflect.Constructor.newInstance(Unknown Source)
	at org.openqa.selenium.remote.http.W3CHttpResponseCodec.createException(W3CHttpResponseCodec.java:187)
	at org.openqa.selenium.remote.http.W3CHttpResponseCodec.decode(W3CHttpResponseCodec.java:122)
	at org.openqa.selenium.remote.http.W3CHttpResponseCodec.decode(W3CHttpResponseCodec.java:49)
	at org.openqa.selenium.remote.HttpCommandExecutor.execute(HttpCommandExecutor.java:158)
	at org.openqa.selenium.remote.service.DriverCommandExecutor.execute(DriverCommandExecutor.java:83)
	at org.openqa.selenium.remote.RemoteWebDriver.execute(RemoteWebDriver.java:552)
	at org.openqa.selenium.remote.RemoteWebDriver.execute(RemoteWebDriver.java:609)
	at org.openqa.selenium.remote.RemoteWebDriver$RemoteTargetLocator.alert(RemoteWebDriver.java:932)
	at com.stepDefinition.Login.user_enter_invalid_user_name_and_passowrd(Login.java:77)
	at ✽.User Enter Invalid UserName and Passowrd(file:///D:/Navistar_project/Navistar/src/test/resources/Features/Navistar_login.feature:12)
]]>
    </error>
  </testcase> <!-- runScenario -->
  <testcase name="runScenario" time="33.245" classname="com.TestRunner.TestRunner">
    <error type="org.openqa.selenium.UnhandledAlertException" message="unexpected alert open: {Alert text : Please fill out Username and Password.}
  (Session info: MicrosoftEdge=92.0.902.67): Please fill out Username and Password.
Build info: version: &#039;3.141.59&#039;, revision: &#039;e82be7d358&#039;, time: &#039;2018-11-14T08:17:03&#039;
System info: host: &#039;DESKTOP-50659SL&#039;, ip: &#039;192.168.1.6&#039;, os.name: &#039;Windows 10&#039;, os.arch: &#039;amd64&#039;, os.version: &#039;10.0&#039;, java.version: &#039;1.8.0_271&#039;
Driver info: org.openqa.selenium.edge.EdgeDriver
Capabilities {acceptInsecureCerts: false, browserName: msedge, browserVersion: 92.0.902.67, javascriptEnabled: true, ms:edgeOptions: {debuggerAddress: localhost:62325}, msedge: {msedgedriverVersion: 92.0.902.62 (e0b431c3580439..., userDataDir: C:\Users\Mallika\AppData\Lo...}, networkConnectionEnabled: false, pageLoadStrategy: normal, platform: WINDOWS, platformName: WINDOWS, proxy: Proxy(), setWindowRect: true, strictFileInteractability: false, timeouts: {implicit: 0, pageLoad: 300000, script: 30000}, unhandledPromptBehavior: dismiss and notify, webauthn:extension:credBlob: true, webauthn:extension:largeBlob: true, webauthn:virtualAuthenticators: true}
Session ID: be930247f7d7557d9dadd6e783744648
*** Element info: {Using=xpath, value=//a[contains(text(),&#039;Welcome&#039;)]}">
      <![CDATA[org.openqa.selenium.UnhandledAlertException: unexpected alert open: {Alert text : Please fill out Username and Password.}
  (Session info: MicrosoftEdge=92.0.902.67): Please fill out Username and Password.
Build info: version: '3.141.59', revision: 'e82be7d358', time: '2018-11-14T08:17:03'
System info: host: 'DESKTOP-50659SL', ip: '192.168.1.6', os.name: 'Windows 10', os.arch: 'amd64', os.version: '10.0', java.version: '1.8.0_271'
Driver info: org.openqa.selenium.edge.EdgeDriver
Capabilities {acceptInsecureCerts: false, browserName: msedge, browserVersion: 92.0.902.67, javascriptEnabled: true, ms:edgeOptions: {debuggerAddress: localhost:62325}, msedge: {msedgedriverVersion: 92.0.902.62 (e0b431c3580439..., userDataDir: C:\Users\Mallika\AppData\Lo...}, networkConnectionEnabled: false, pageLoadStrategy: normal, platform: WINDOWS, platformName: WINDOWS, proxy: Proxy(), setWindowRect: true, strictFileInteractability: false, timeouts: {implicit: 0, pageLoad: 300000, script: 30000}, unhandledPromptBehavior: dismiss and notify, webauthn:extension:credBlob: true, webauthn:extension:largeBlob: true, webauthn:virtualAuthenticators: true}
Session ID: be930247f7d7557d9dadd6e783744648
*** Element info: {Using=xpath, value=//a[contains(text(),'Welcome')]}
	at org.openqa.selenium.remote.http.W3CHttpResponseCodec.decode(W3CHttpResponseCodec.java:120)
	at org.openqa.selenium.remote.http.W3CHttpResponseCodec.decode(W3CHttpResponseCodec.java:49)
	at org.openqa.selenium.remote.HttpCommandExecutor.execute(HttpCommandExecutor.java:158)
	at org.openqa.selenium.remote.service.DriverCommandExecutor.execute(DriverCommandExecutor.java:83)
	at org.openqa.selenium.remote.RemoteWebDriver.execute(RemoteWebDriver.java:552)
	at org.openqa.selenium.remote.RemoteWebDriver.findElement(RemoteWebDriver.java:323)
	at org.openqa.selenium.remote.RemoteWebDriver.findElementByXPath(RemoteWebDriver.java:428)
	at org.openqa.selenium.By$ByXPath.findElement(By.java:353)
	at org.openqa.selenium.remote.RemoteWebDriver.findElement(RemoteWebDriver.java:315)
	at org.openqa.selenium.support.pagefactory.DefaultElementLocator.findElement(DefaultElementLocator.java:69)
	at org.openqa.selenium.support.pagefactory.internal.LocatingElementHandler.invoke(LocatingElementHandler.java:38)
	at com.sun.proxy.$Proxy18.getText(Unknown Source)
	at com.projectResources.BaseClass.verifyLogin_Labal(BaseClass.java:114)
	at com.stepDefinition.Login.user_validating_the_login(Login.java:55)
	at ✽.User Validating the Login(file:///D:/Navistar_project/Navistar/src/test/resources/Features/Navistar_login.feature:7)
]]>
    </error>
  </testcase> <!-- runScenario -->
</testsuite> <!-- com.TestRunner.TestRunner -->
